<?xml version="1.0" encoding="UTF-8"?>
<!-- Generated by org.testng.reporters.JUnitXMLReporter -->
<testsuite ignored="0" hostname="DESKTOP-ERV7GQ7" failures="0" tests="3" name="Default test" time="16.356" errors="0" timestamp="2022-07-01T16:17:07 IST">
  <testcase classname="searchproducttest.SearchProduct" name="landingPage" time="6.094"/>
  <testcase classname="searchproducttest.SearchProduct" name="productSearch" time="2.012"/>
  <testcase classname="searchproducttest.SearchProduct" name="sortProduct" time="1.604"/>
</testsuite> <!-- Default test -->
