<?xml version="1.0" encoding="UTF-8"?>
<testng-results ignored="0" total="3" passed="3" failed="0" skipped="0">
  <reporter-output>
  </reporter-output>
  <suite started-at="2022-07-01T16:16:51 IST" name="Default suite" finished-at="2022-07-01T16:17:07 IST" duration-ms="16356">
    <groups>
    </groups>
    <test started-at="2022-07-01T16:16:51 IST" name="Default test" finished-at="2022-07-01T16:17:07 IST" duration-ms="16356">
      <class name="searchproducttest.SearchProduct">
        <test-method is-config="true" signature="setInstance()[pri:0, instance:searchproducttest.SearchProduct@13e344d]" started-at="2022-07-01T16:16:51 IST" name="setInstance" finished-at="2022-07-01T16:16:55 IST" duration-ms="3613" status="PASS">
          <reporter-output>
          </reporter-output>
        </test-method> <!-- setInstance -->
        <test-method signature="landingPage()[pri:0, instance:searchproducttest.SearchProduct@13e344d]" started-at="2022-07-01T16:16:55 IST" name="landingPage" finished-at="2022-07-01T16:17:01 IST" duration-ms="6094" status="PASS">
          <reporter-output>
          </reporter-output>
        </test-method> <!-- landingPage -->
        <test-method signature="productSearch()[pri:0, instance:searchproducttest.SearchProduct@13e344d]" started-at="2022-07-01T16:17:01 IST" name="productSearch" finished-at="2022-07-01T16:17:03 IST" duration-ms="2012" status="PASS">
          <reporter-output>
          </reporter-output>
        </test-method> <!-- productSearch -->
        <test-method signature="sortProduct()[pri:0, instance:searchproducttest.SearchProduct@13e344d]" started-at="2022-07-01T16:17:03 IST" name="sortProduct" finished-at="2022-07-01T16:17:04 IST" duration-ms="1604" status="PASS">
          <reporter-output>
          </reporter-output>
        </test-method> <!-- sortProduct -->
        <test-method is-config="true" signature="afterCalss()[pri:0, instance:searchproducttest.SearchProduct@13e344d]" started-at="2022-07-01T16:17:04 IST" name="afterCalss" finished-at="2022-07-01T16:17:07 IST" duration-ms="2945" status="PASS">
          <reporter-output>
          </reporter-output>
        </test-method> <!-- afterCalss -->
      </class> <!-- searchproducttest.SearchProduct -->
    </test> <!-- Default test -->
  </suite> <!-- Default suite -->
</testng-results>
